SF:lib/src/model.dart
DA:23,10
DA:24,5
DA:25,5
DA:27,10
DA:28,0
DA:31,10
DA:32,0
DA:34,30
DA:41,4
DA:42,4
DA:43,8
DA:44,8
DA:45,28
DA:56,4
DA:57,4
DA:58,12
DA:59,0
DA:62,8
DA:63,28
DA:75,4
DA:83,4
DA:88,12
DA:89,0
DA:92,8
DA:93,8
DA:95,1
DA:98,1
DA:100,4
DA:105,20
DA:106,8
DA:107,8
DA:108,24
DA:114,20
DA:117,12
DA:121,1
DA:122,2
DA:127,4
DA:143,4
DA:149,4
DA:150,4
DA:151,4
DA:152,4
DA:154,8
DA:157,12
DA:158,12
DA:159,1
DA:169,3
DA:174,3
DA:175,9
DA:176,6
DA:179,6
DA:187,3
DA:193,3
DA:194,14
DA:195,6
DA:197,6
DA:198,3
DA:206,3
DA:212,3
DA:213,12
DA:214,6
DA:215,3
DA:216,2
DA:218,2
DA:226,4
DA:230,4
DA:231,12
DA:232,8
DA:233,4
DA:240,5
DA:244,25
LF:71
LH:67
end_of_record
SF:lib/src/reorderable.dart
DA:17,0
DA:18,4
DA:24,0
DA:39,1
DA:40,4
DA:45,4
DA:46,9
DA:50,1
DA:51,8
DA:57,1
DA:62,1
DA:64,2
DA:65,2
DA:67,1
DA:68,1
DA:73,3
DA:74,1
DA:75,1
DA:83,3
DA:84,1
DA:86,4
DA:89,3
DA:92,1
DA:93,3
DA:94,1
DA:95,1
DA:97,1
DA:98,3
LF:28
LH:26
end_of_record
SF:lib/src/fake.dart
DA:13,3
DA:22,2
DA:24,2
DA:28,6
DA:31,3
DA:36,3
DA:37,3
DA:39,3
DA:40,3
DA:41,15
DA:42,15
DA:45,2
DA:47,4
DA:52,4
DA:55,0
DA:58,0
DA:61,3
DA:63,3
DA:65,12
DA:74,3
DA:75,6
DA:76,2
DA:81,9
DA:85,3
DA:86,6
DA:87,9
DA:90,6
LF:27
LH:25
end_of_record
SF:lib/src/model_map.dart
DA:16,1
DA:39,1
DA:41,2
DA:45,4
DA:50,1
DA:51,6
DA:55,0
DA:56,0
DA:57,0
DA:62,1
DA:63,1
DA:64,2
DA:65,1
DA:71,0
DA:75,0
DA:77,0
DA:78,0
DA:83,1
DA:84,1
DA:86,1
DA:87,2
DA:94,0
DA:95,0
DA:97,0
DA:99,0
DA:106,1
DA:107,1
DA:109,1
DA:110,2
LF:29
LH:18
end_of_record
SF:lib/src/repository.dart
DA:37,2
DA:41,8
DA:42,4
DA:43,4
DA:44,2
DA:55,2
DA:68,2
DA:71,6
DA:74,1
DA:75,3
DA:79,1
DA:80,3
DA:86,2
DA:87,6
DA:90,1
DA:93,3
LF:16
LH:16
end_of_record
