SF:lib/src/model.dart
DA:23,10
DA:24,5
DA:25,5
DA:27,10
DA:28,0
DA:31,10
DA:32,0
DA:34,30
DA:41,4
DA:42,4
DA:43,8
DA:44,8
DA:45,28
DA:56,4
DA:57,4
DA:58,12
DA:59,0
DA:62,8
DA:63,28
DA:75,4
DA:83,4
DA:88,12
DA:89,0
DA:92,8
DA:93,8
DA:95,1
DA:98,1
DA:100,4
DA:105,20
DA:106,8
DA:107,8
DA:108,24
DA:114,20
DA:117,12
DA:121,0
DA:122,0
DA:127,0
DA:143,4
DA:149,4
DA:150,4
DA:151,4
DA:152,4
DA:154,8
DA:157,12
DA:158,12
DA:159,0
DA:169,3
DA:174,3
DA:175,9
DA:176,6
DA:179,6
DA:187,3
DA:193,3
DA:194,14
DA:195,6
DA:197,6
DA:198,3
DA:206,3
DA:212,3
DA:213,12
DA:214,6
DA:215,3
DA:216,2
DA:218,2
DA:226,4
DA:230,4
DA:231,12
DA:232,8
DA:233,4
DA:240,5
DA:244,25
LF:71
LH:63
end_of_record
SF:lib/src/reorderable.dart
DA:12,0
DA:13,4
DA:20,0
DA:24,1
DA:25,4
DA:28,4
DA:29,9
DA:30,1
DA:31,8
DA:33,1
DA:35,1
DA:37,2
DA:38,2
DA:40,1
DA:41,1
DA:46,3
DA:47,1
DA:48,1
DA:56,3
DA:57,1
DA:59,4
DA:62,3
DA:65,1
DA:66,1
DA:67,4
DA:69,1
DA:70,3
LF:27
LH:25
end_of_record
SF:lib/src/fake.dart
DA:8,3
DA:13,2
DA:15,2
DA:19,6
DA:22,3
DA:25,3
DA:26,3
DA:28,3
DA:29,3
DA:30,15
DA:31,15
DA:34,2
DA:36,4
DA:41,4
DA:44,0
DA:47,0
DA:50,3
DA:52,3
DA:54,12
DA:59,3
DA:60,6
DA:61,0
DA:62,0
DA:64,9
DA:67,3
DA:68,6
DA:69,9
DA:72,6
LF:28
LH:24
end_of_record
SF:lib/src/model_map.dart
DA:18,1
DA:27,1
DA:28,2
DA:29,4
DA:32,1
DA:33,6
DA:35,0
DA:36,0
DA:37,0
DA:40,1
DA:41,1
DA:42,2
DA:43,1
DA:47,0
DA:49,0
DA:51,0
DA:52,0
DA:56,1
DA:57,1
DA:59,1
DA:60,2
DA:65,0
DA:66,0
DA:68,0
DA:70,0
DA:75,1
DA:76,1
DA:78,1
DA:79,2
LF:29
LH:18
end_of_record
SF:lib/src/repository.dart
DA:21,0
DA:23,0
DA:24,0
DA:25,0
DA:26,0
DA:33,2
DA:36,2
DA:38,6
DA:40,1
DA:41,3
DA:43,1
DA:44,3
DA:46,2
DA:47,6
DA:49,0
DA:51,0
LF:16
LH:9
end_of_record
